[02-27 11:37] [INFO] Authenticated.
[02-27 11:38] [INFO] Authenticated.
[02-27 11:46] [INFO] Authenticated.
[02-27 11:54] [INFO] Authenticated.
[02-28 01:58] [INFO] Authenticated.
[02-28 02:29] [INFO] Authenticated.
[02-28 02:37] [INFO] Authenticated.
[02-28 02:45] [INFO] Authenticated.
[02-28 02:53] [INFO] Authenticated.
[02-28 03:21] [INFO] Authenticated.
[02-28 03:28] [INFO] Authenticated.
[02-28 03:36] [INFO] Authenticated.
[02-28 03:44] [INFO] Authenticated.
[02-28 03:52] [INFO] Authenticated.
[02-28 04:27] [INFO] Authenticated.
[02-28 04:36] [INFO] Authenticated.
[02-28 04:44] [INFO] Authenticated.
[02-28 04:52] [INFO] Authenticated.
[02-28 05:26] [INFO] Authenticated.
[02-28 05:34] [INFO] Authenticated.
[02-28 05:42] [INFO] Authenticated.
[02-28 05:50] [INFO] Authenticated.
[02-28 05:58] [INFO] Authenticated.
[02-28 06:28] [INFO] Authenticated.
[02-28 06:38] [INFO] Authenticated.
[02-28 06:46] [INFO] Authenticated.
[02-28 06:54] [INFO] Authenticated.
[02-28 07:17] [INFO] Authenticated.
[02-28 07:25] [INFO] Authenticated.
[02-28 07:34] [INFO] Authenticated.
[02-28 07:41] [INFO] Authenticated.
[02-28 07:50] [INFO] Authenticated.
[02-28 07:57] [INFO] Authenticated.
[02-28 08:28] [INFO] Authenticated.
[02-28 08:36] [INFO] Authenticated.
[02-28 08:44] [INFO] Authenticated.
[02-28 08:52] [INFO] Authenticated.
[02-28 09:20] [INFO] Authenticated.
[02-28 09:28] [INFO] Authenticated.
[02-28 09:39] [INFO] Authenticated.
[02-28 09:47] [INFO] Authenticated.
[02-28 09:55] [INFO] Authenticated.
[02-28 10:30] [INFO] Authenticated.
[02-28 10:30] [INFO] REMOVED 1b22q8e, 666, totalanonymouseuser
[02-28 10:38] [INFO] Authenticated.
[02-28 10:47] [INFO] Authenticated.
[02-28 10:55] [INFO] Authenticated.
[02-28 11:17] [INFO] Authenticated.
[02-28 11:26] [INFO] Authenticated.
[02-28 11:35] [INFO] Authenticated.
[02-28 11:43] [INFO] Authenticated.
[02-28 11:51] [INFO] Authenticated.
[02-28 11:59] [INFO] Authenticated.
[02-28 12:46] [INFO] Authenticated.
[02-28 12:46] [INFO] APPROVED 1b24fn1, 5100, totalanonymouseuser
[02-28 12:58] [INFO] Authenticated.
[02-28 01:21] [INFO] Authenticated.
[02-28 01:29] [INFO] Authenticated.
[02-28 01:38] [INFO] Authenticated.
[02-28 01:45] [INFO] Authenticated.
[02-28 01:54] [INFO] Authenticated.
[02-28 02:26] [INFO] Authenticated.
[02-28 02:34] [INFO] Authenticated.
[02-28 02:42] [INFO] Authenticated.
[02-28 02:50] [INFO] Authenticated.
[02-28 02:58] [INFO] Authenticated.
[02-28 03:22] [INFO] Authenticated.
[02-28 03:30] [INFO] Authenticated.
[02-28 03:38] [INFO] Authenticated.
[02-28 03:46] [INFO] Authenticated.
[02-28 03:54] [INFO] Authenticated.
[02-28 04:31] [INFO] Authenticated.
[02-28 04:40] [INFO] Authenticated.
[02-28 04:47] [INFO] Authenticated.
[02-28 04:55] [INFO] Authenticated.
[02-28 05:26] [INFO] Authenticated.
[02-28 05:26] [INFO] APPROVED 1b2b2um, 5100, snsei1
[02-28 05:38] [INFO] Authenticated.
[02-28 05:46] [INFO] Authenticated.
[02-28 05:54] [INFO] Authenticated.
[02-28 06:27] [INFO] Authenticated.
[02-28 06:27] [INFO] APPROVED 1b2d3kx, 5100, thecinephilefish
[02-28 06:35] [INFO] Authenticated.
[02-28 06:43] [INFO] Authenticated.
[02-28 06:51] [INFO] Authenticated.
[02-28 06:59] [INFO] Authenticated.
[02-28 06:59] [INFO] APPROVED 1b2e59n, 5100, LaggyTryHard
[02-28 07:17] [INFO] Authenticated.
[02-28 07:25] [INFO] Authenticated.
[02-28 07:33] [INFO] Authenticated.
[02-28 07:41] [INFO] Authenticated.
[02-28 07:49] [INFO] Authenticated.
[02-28 07:58] [INFO] Authenticated.
[02-28 08:22] [INFO] Authenticated.
[02-28 08:30] [INFO] Authenticated.
[02-28 08:39] [INFO] Authenticated.
[02-28 08:47] [INFO] Authenticated.
[02-28 08:55] [INFO] Authenticated.
[02-28 09:17] [INFO] Authenticated.
[02-28 09:25] [INFO] Authenticated.
[02-28 09:36] [INFO] Authenticated.
[02-28 09:44] [INFO] Authenticated.
[02-28 09:52] [INFO] Authenticated.
[02-28 10:24] [INFO] Authenticated.
[02-28 10:32] [INFO] Authenticated.
[02-28 10:41] [INFO] Authenticated.
[02-28 10:49] [INFO] Authenticated.
[02-28 10:56] [INFO] Authenticated.
[02-28 11:25] [INFO] Authenticated.
[02-28 11:34] [INFO] Authenticated.
